[debug] [2021-07-15T15:02:23.609Z] ----------------------------------------------------------------------
[debug] [2021-07-15T15:02:23.613Z] Command:       C:\Program Files\nodejs\node.exe C:\Users\Calvin\AppData\Roaming\npm\node_modules\firebase-tools\lib\bin\firebase.js init
[debug] [2021-07-15T15:02:23.613Z] CLI Version:   9.16.0
[debug] [2021-07-15T15:02:23.613Z] Platform:      win32
[debug] [2021-07-15T15:02:23.614Z] Node Version:  v12.18.4
[debug] [2021-07-15T15:02:23.616Z] Time:          Thu Jul 15 2021 22:02:23 GMT+0700 (Western Indonesia Time)
[debug] [2021-07-15T15:02:23.616Z] ----------------------------------------------------------------------
[debug] 
[debug] [2021-07-15T15:02:23.644Z] > command requires scopes: ["email","openid","https://www.googleapis.com/auth/cloudplatformprojects.readonly","https://www.googleapis.com/auth/firebase","https://www.googleapis.com/auth/cloud-platform"]
[debug] [2021-07-15T15:02:23.645Z] > authorizing via signed-in user (calvin.loka8@gmail.com)
[info] 
     ######## #### ########  ######## ########     ###     ######  ########
     ##        ##  ##     ## ##       ##     ##  ##   ##  ##       ##
     ######    ##  ########  ######   ########  #########  ######  ######
     ##        ##  ##    ##  ##       ##     ## ##     ##       ## ##
     ##       #### ##     ## ######## ########  ##     ##  ######  ########

You're about to initialize a Firebase project in this directory:

  E:\disney-clone

[info] 
=== Project Setup
[info] 
[info] First, let's associate this project directory with a Firebase project.
[info] You can create multiple project aliases by running firebase use --add, 
[info] but for now we'll just set up a default project.
[info] 
[debug] [2021-07-15T15:02:32.680Z] >>> [apiv2][query] GET https://firebase.googleapis.com/v1beta1/projects pageSize=100
[debug] [2021-07-15T15:02:33.497Z] <<< [apiv2][status] GET https://firebase.googleapis.com/v1beta1/projects 200
[debug] [2021-07-15T15:02:33.497Z] <<< [apiv2][body] GET https://firebase.googleapis.com/v1beta1/projects [omitted]
[info] i  Using project disneyplus-clone-f68b5 (disneyplus-clone) 
[info] 
=== Hosting Setup
[info] 
[info] Your public directory is the folder (relative to your project directory) that
[info] will contain Hosting assets to be uploaded with firebase deploy. If you
[info] have a build process for your assets, use your build's output directory.
[info] 
[info] +  Wrote build/404.html 
[debug] [2021-07-15T15:02:56.317Z] >>> [apiv2][query] GET https://www.gstatic.com/firebasejs/releases.json [none]
[debug] [2021-07-15T15:02:56.989Z] <<< [apiv2][status] GET https://www.gstatic.com/firebasejs/releases.json 200
[debug] [2021-07-15T15:02:56.990Z] <<< [apiv2][body] GET https://www.gstatic.com/firebasejs/releases.json {"current":{"version":"8.7.1","browserURL":"https://www.gstatic.com/firebasejs/8.7.1/firebase.js","packageURL":"https://www.gstatic.com/firebasejs/8.7.1/firebase.tgz"},"live":{"version":"8.7","browserURL":"https://www.gstatic.com/firebasejs/live/8.7/firebase.js","packageURL":"https://www.gstatic.com/firebasejs/live/8.7/firebase.tgz"},"components":{"analytics":"https://www.gstatic.com/firebasejs/8.7.1/firebase-analytics.js","app":"https://www.gstatic.com/firebasejs/8.7.1/firebase-app.js","app-check":"https://www.gstatic.com/firebasejs/8.7.1/firebase-app-check.js","auth":"https://www.gstatic.com/firebasejs/8.7.1/firebase-auth.js","database":"https://www.gstatic.com/firebasejs/8.7.1/firebase-database.js","firestore":"https://www.gstatic.com/firebasejs/8.7.1/firebase-firestore.js","functions":"https://www.gstatic.com/firebasejs/8.7.1/firebase-functions.js","installations":"https://www.gstatic.com/firebasejs/8.7.1/firebase-installations.js","messaging":"https://www.gstatic.com/firebasejs/8.7.1/firebase-messaging.js","storage":"https://www.gstatic.com/firebasejs/8.7.1/firebase-storage.js","performance":"https://www.gstatic.com/firebasejs/8.7.1/firebase-performance.js","remote-config":"https://www.gstatic.com/firebasejs/8.7.1/firebase-remote-config.js","firestore.memory":"https://www.gstatic.com/firebasejs/8.7.1/firebase-firestore.memory.js"}}
[info] +  Wrote build/index.html 
[info] 
[info] i  Detected a .git folder at E:\disney-clone 
[info] i  Authorizing with GitHub to upload your service account to a GitHub repository's secrets store. 
[info] 
[info] Visit this URL on this device to log in:
[info] https://github.com/login/oauth/authorize?client_id=89cf50f02ac6aaed3484&state=280688398&redirect_uri=http%3A%2F%2Flocalhost%3A9005&scope=read%3Auser%20repo%20public_repo
[info] 
[info] Waiting for authentication...
[debug] [2021-07-15T15:03:02.756Z] >>> HTTP REQUEST POST https://github.com/login/oauth/access_token  
 {"client_id":"89cf50f02ac6aaed3484","client_secret":"3330d14abc895d9a74d5f17cd7a00711fa2c5bf0","code":"2440d0cf75920b22a15b","redirect_uri":"http://localhost:9005","state":"280688398"}
[debug] [2021-07-15T15:03:03.338Z] <<< HTTP RESPONSE 200 {"server":"GitHub.com","date":"Thu, 15 Jul 2021 15:04:35 GMT","content-type":"application/json; charset=utf-8","transfer-encoding":"chunked","vary":"X-PJAX, Accept-Encoding, Accept, X-Requested-With","permissions-policy":"interest-cohort=()","etag":"W/\"5dc1cd84aeb1d6db6769f41a4207fa49\"","cache-control":"max-age=0, private, must-revalidate","strict-transport-security":"max-age=31536000; includeSubdomains; preload","x-frame-options":"deny","x-content-type-options":"nosniff","x-xss-protection":"0","referrer-policy":"origin-when-cross-origin, strict-origin-when-cross-origin","expect-ct":"max-age=2592000, report-uri=\"https://api.github.com/_private/browser/errors\"","content-security-policy":"default-src 'none'; base-uri 'self'; block-all-mixed-content; connect-src 'self' uploads.github.com www.githubstatus.com collector.githubapp.com api.github.com github-cloud.s3.amazonaws.com github-production-repository-file-5c1aeb.s3.amazonaws.com github-production-upload-manifest-file-7fdce7.s3.amazonaws.com github-production-user-asset-6210df.s3.amazonaws.com cdn.optimizely.com logx.optimizely.com/v1/events translator.github.com wss://alive.github.com; font-src github.githubassets.com; form-action 'self' github.com gist.github.com; frame-ancestors 'none'; frame-src render.githubusercontent.com render-temp.githubusercontent.com viewscreen.githubusercontent.com; img-src 'self' data: github.githubassets.com identicons.github.com collector.githubapp.com github-cloud.s3.amazonaws.com secured-user-images.githubusercontent.com/ *.githubusercontent.com; manifest-src 'self'; media-src 'none'; script-src github.githubassets.com; style-src 'unsafe-inline' github.githubassets.com; worker-src github.com/socket-worker-3f088aa2.js gist.github.com/socket-worker-3f088aa2.js","x-github-request-id":"D923:708A:843B81:90AE81:60F04E83"}
[debug] [2021-07-15T15:03:03.347Z] >>> [apiv2][query] GET https://api.github.com/user [none]
[debug] [2021-07-15T15:03:05.208Z] <<< [apiv2][status] GET https://api.github.com/user 200
[debug] [2021-07-15T15:03:05.209Z] <<< [apiv2][body] GET https://api.github.com/user {"login":"Calvphl","id":50194060,"node_id":"MDQ6VXNlcjUwMTk0MDYw","avatar_url":"https://avatars.githubusercontent.com/u/50194060?v=4","gravatar_id":"","url":"https://api.github.com/users/Calvphl","html_url":"https://github.com/Calvphl","followers_url":"https://api.github.com/users/Calvphl/followers","following_url":"https://api.github.com/users/Calvphl/following{/other_user}","gists_url":"https://api.github.com/users/Calvphl/gists{/gist_id}","starred_url":"https://api.github.com/users/Calvphl/starred{/owner}{/repo}","subscriptions_url":"https://api.github.com/users/Calvphl/subscriptions","organizations_url":"https://api.github.com/users/Calvphl/orgs","repos_url":"https://api.github.com/users/Calvphl/repos","events_url":"https://api.github.com/users/Calvphl/events{/privacy}","received_events_url":"https://api.github.com/users/Calvphl/received_events","type":"User","site_admin":false,"name":"Calvin Putera Loka","company":null,"blog":"","location":"Jakarta, Indonesia","email":null,"hireable":true,"bio":null,"twitter_username":"calvinputera_","public_repos":3,"public_gists":0,"followers":0,"following":0,"created_at":"2019-05-02T06:37:27Z","updated_at":"2021-07-15T15:01:12Z","private_gists":0,"total_private_repos":10,"owned_private_repos":10,"disk_usage":7975,"collaborators":0,"two_factor_authentication":false,"plan":{"name":"free","space":976562499,"collaborators":0,"private_repos":10000}}
[info] 
[info] +  Success! Logged into GitHub as Calvphl 
[info] 
[debug] [2021-07-15T15:05:29.081Z] >>> [apiv2][query] GET https://api.github.com/repos/user/repository/actions/secrets/public-key type=owner
[debug] [2021-07-15T15:05:29.799Z] <<< [apiv2][status] GET https://api.github.com/repos/user/repository/actions/secrets/public-key 404
[debug] [2021-07-15T15:05:29.799Z] <<< [apiv2][body] GET https://api.github.com/repos/user/repository/actions/secrets/public-key {"message":"Not Found","documentation_url":"https://docs.github.com/rest/reference/actions#get-a-repository-public-key"}
[debug] [2021-07-15T15:05:39.168Z] >>> [apiv2][query] GET https://api.github.com/repos/user/actions/secrets/public-key type=owner
[debug] [2021-07-15T15:05:40.229Z] <<< [apiv2][status] GET https://api.github.com/repos/user/actions/secrets/public-key 404
[debug] [2021-07-15T15:05:40.229Z] <<< [apiv2][body] GET https://api.github.com/repos/user/actions/secrets/public-key {"message":"Not Found","documentation_url":"https://docs.github.com/rest"}
[debug] [2021-07-15T15:05:40.402Z] >>> [apiv2][query] GET https://api.github.com/repos//actions/secrets/public-key type=owner
[debug] [2021-07-15T15:05:41.535Z] <<< [apiv2][status] GET https://api.github.com/repos//actions/secrets/public-key 404
[debug] [2021-07-15T15:05:41.535Z] <<< [apiv2][body] GET https://api.github.com/repos//actions/secrets/public-key {"message":"Not Found","documentation_url":"https://docs.github.com/rest"}
[debug] [2021-07-15T15:05:58.228Z] >>> [apiv2][query] GET https://api.github.com/repos//actions/secrets/public-key type=owner
[debug] [2021-07-15T15:05:58.653Z] <<< [apiv2][status] GET https://api.github.com/repos//actions/secrets/public-key 404
[debug] [2021-07-15T15:05:58.653Z] <<< [apiv2][body] GET https://api.github.com/repos//actions/secrets/public-key {"message":"Not Found","documentation_url":"https://docs.github.com/rest"}
[debug] [2021-07-15T15:05:59.846Z] >>> [apiv2][query] GET https://api.github.com/repos//actions/secrets/public-key type=owner
[debug] [2021-07-15T15:06:01.633Z] <<< [apiv2][status] GET https://api.github.com/repos//actions/secrets/public-key 404
[debug] [2021-07-15T15:06:01.635Z] <<< [apiv2][body] GET https://api.github.com/repos//actions/secrets/public-key {"message":"Not Found","documentation_url":"https://docs.github.com/rest"}
[debug] [2021-07-15T15:07:19.288Z] >>> [apiv2][query] GET https://api.github.com/repos/Calvphl/actions/secrets/public-key type=owner
[debug] [2021-07-15T15:07:19.999Z] <<< [apiv2][status] GET https://api.github.com/repos/Calvphl/actions/secrets/public-key 404
[debug] [2021-07-15T15:07:19.999Z] <<< [apiv2][body] GET https://api.github.com/repos/Calvphl/actions/secrets/public-key {"message":"Not Found","documentation_url":"https://docs.github.com/rest"}
[debug] [2021-07-15T15:07:45.728Z] ----------------------------------------------------------------------
[debug] [2021-07-15T15:07:45.731Z] Command:       C:\Program Files\nodejs\node.exe C:\Users\Calvin\AppData\Roaming\npm\node_modules\firebase-tools\lib\bin\firebase.js init
[debug] [2021-07-15T15:07:45.732Z] CLI Version:   9.16.0
[debug] [2021-07-15T15:07:45.732Z] Platform:      win32
[debug] [2021-07-15T15:07:45.732Z] Node Version:  v12.18.4
[debug] [2021-07-15T15:07:45.734Z] Time:          Thu Jul 15 2021 22:07:45 GMT+0700 (Western Indonesia Time)
[debug] [2021-07-15T15:07:45.734Z] ----------------------------------------------------------------------
[debug] 
[debug] [2021-07-15T15:07:45.746Z] > command requires scopes: ["email","openid","https://www.googleapis.com/auth/cloudplatformprojects.readonly","https://www.googleapis.com/auth/firebase","https://www.googleapis.com/auth/cloud-platform"]
[debug] [2021-07-15T15:07:45.746Z] > authorizing via signed-in user (calvin.loka8@gmail.com)
[info] 
     ######## #### ########  ######## ########     ###     ######  ########
     ##        ##  ##     ## ##       ##     ##  ##   ##  ##       ##
     ######    ##  ########  ######   ########  #########  ######  ######
     ##        ##  ##    ##  ##       ##     ## ##     ##       ## ##
     ##       #### ##     ## ######## ########  ##     ##  ######  ########

You're about to initialize a Firebase project in this directory:

  E:\disney-clone

[info] 
=== Project Setup
[info] 
[info] First, let's associate this project directory with a Firebase project.
[info] You can create multiple project aliases by running firebase use --add, 
[info] but for now we'll just set up a default project.
[info] 
[debug] [2021-07-15T15:08:05.296Z] >>> [apiv2][query] GET https://firebase.googleapis.com/v1beta1/projects pageSize=100
[debug] [2021-07-15T15:08:06.178Z] <<< [apiv2][status] GET https://firebase.googleapis.com/v1beta1/projects 200
[debug] [2021-07-15T15:08:06.179Z] <<< [apiv2][body] GET https://firebase.googleapis.com/v1beta1/projects [omitted]
[info] i  Using project disneyplus-clone-f68b5 (disneyplus-clone) 
[info] 
=== Hosting:github Setup
[info] 
[info] i  Detected a .git folder at E:\disney-clone 
[info] i  Authorizing with GitHub to upload your service account to a GitHub repository's secrets store. 
[info] 
[info] Visit this URL on this device to log in:
[info] https://github.com/login/oauth/authorize?client_id=89cf50f02ac6aaed3484&state=560254990&redirect_uri=http%3A%2F%2Flocalhost%3A9005&scope=read%3Auser%20repo%20public_repo
[info] 
[info] Waiting for authentication...
[debug] [2021-07-15T15:08:08.856Z] >>> HTTP REQUEST POST https://github.com/login/oauth/access_token  
 {"client_id":"89cf50f02ac6aaed3484","client_secret":"3330d14abc895d9a74d5f17cd7a00711fa2c5bf0","code":"5acaafb278a71e52f80e","redirect_uri":"http://localhost:9005","state":"560254990"}
[debug] [2021-07-15T15:08:09.307Z] <<< HTTP RESPONSE 200 {"server":"GitHub.com","date":"Thu, 15 Jul 2021 15:09:41 GMT","content-type":"application/json; charset=utf-8","transfer-encoding":"chunked","vary":"X-PJAX, Accept-Encoding, Accept, X-Requested-With","permissions-policy":"interest-cohort=()","etag":"W/\"1c51d64bca23c37f256022bbf3a9e2c4\"","cache-control":"max-age=0, private, must-revalidate","strict-transport-security":"max-age=31536000; includeSubdomains; preload","x-frame-options":"deny","x-content-type-options":"nosniff","x-xss-protection":"0","referrer-policy":"origin-when-cross-origin, strict-origin-when-cross-origin","expect-ct":"max-age=2592000, report-uri=\"https://api.github.com/_private/browser/errors\"","content-security-policy":"default-src 'none'; base-uri 'self'; block-all-mixed-content; connect-src 'self' uploads.github.com www.githubstatus.com collector.githubapp.com api.github.com github-cloud.s3.amazonaws.com github-production-repository-file-5c1aeb.s3.amazonaws.com github-production-upload-manifest-file-7fdce7.s3.amazonaws.com github-production-user-asset-6210df.s3.amazonaws.com cdn.optimizely.com logx.optimizely.com/v1/events translator.github.com wss://alive.github.com; font-src github.githubassets.com; form-action 'self' github.com gist.github.com; frame-ancestors 'none'; frame-src render.githubusercontent.com render-temp.githubusercontent.com viewscreen.githubusercontent.com; img-src 'self' data: github.githubassets.com identicons.github.com collector.githubapp.com github-cloud.s3.amazonaws.com secured-user-images.githubusercontent.com/ *.githubusercontent.com; manifest-src 'self'; media-src 'none'; script-src github.githubassets.com; style-src 'unsafe-inline' github.githubassets.com; worker-src github.com/socket-worker-3f088aa2.js gist.github.com/socket-worker-3f088aa2.js","x-github-request-id":"D1BD:4A73:EEE3B9:FBF7EF:60F04FB5"}
[debug] [2021-07-15T15:08:09.317Z] >>> [apiv2][query] GET https://api.github.com/user [none]
[debug] [2021-07-15T15:08:09.826Z] <<< [apiv2][status] GET https://api.github.com/user 200
[debug] [2021-07-15T15:08:09.827Z] <<< [apiv2][body] GET https://api.github.com/user {"login":"Calvphl","id":50194060,"node_id":"MDQ6VXNlcjUwMTk0MDYw","avatar_url":"https://avatars.githubusercontent.com/u/50194060?v=4","gravatar_id":"","url":"https://api.github.com/users/Calvphl","html_url":"https://github.com/Calvphl","followers_url":"https://api.github.com/users/Calvphl/followers","following_url":"https://api.github.com/users/Calvphl/following{/other_user}","gists_url":"https://api.github.com/users/Calvphl/gists{/gist_id}","starred_url":"https://api.github.com/users/Calvphl/starred{/owner}{/repo}","subscriptions_url":"https://api.github.com/users/Calvphl/subscriptions","organizations_url":"https://api.github.com/users/Calvphl/orgs","repos_url":"https://api.github.com/users/Calvphl/repos","events_url":"https://api.github.com/users/Calvphl/events{/privacy}","received_events_url":"https://api.github.com/users/Calvphl/received_events","type":"User","site_admin":false,"name":"Calvin Putera Loka","company":null,"blog":"","location":"Jakarta, Indonesia","email":null,"hireable":true,"bio":null,"twitter_username":"calvinputera_","public_repos":3,"public_gists":0,"followers":0,"following":0,"created_at":"2019-05-02T06:37:27Z","updated_at":"2021-07-15T15:01:12Z","private_gists":0,"total_private_repos":10,"owned_private_repos":10,"disk_usage":7975,"collaborators":0,"two_factor_authentication":false,"plan":{"name":"free","space":976562499,"collaborators":0,"private_repos":10000}}
[info] 
[info] +  Success! Logged into GitHub as Calvphl 
[info] 
